2023-08-05T07:32:28.977Z [api] error: Unable to process footprint request.Error: Athena start query failed. Reason Hostname/IP does not match certificate's altnames: Host: athena.cn-north-1.amazonaws.com.cn. is not in the cert's altnames: DNS:*.cn-north-1.es.amazonaws.com.cn.
    at CostAndUsageReports.startQuery (/Users/jianghaihui/Desktop/work/carbon/carbon-0804/packages/aws/src/lib/CostAndUsageReports.ts:615:13)
    at runMicrotasks (<anonymous>)
    at processTicksAndRejections (node:internal/process/task_queues:96:5)
    at CostAndUsageReports.getUsage (/Users/jianghaihui/Desktop/work/carbon/carbon-0804/packages/aws/src/lib/CostAndUsageReports.ts:597:22)
    at CostAndUsageReports.getEstimates (/Users/jianghaihui/Desktop/work/carbon/carbon-0804/packages/aws/src/lib/CostAndUsageReports.ts:105:23)
    at Object.getCostAndEstimates (/Users/jianghaihui/Desktop/work/carbon/carbon-0804/packages/app/src/App.ts:68:29)
    at async Promise.all (index 0)
    at getEstimatesForMissingDates (/Users/jianghaihui/Desktop/work/carbon/carbon-0804/packages/app/src/Cache.ts:153:11)
    at App.descriptor.value (/Users/jianghaihui/Desktop/work/carbon/carbon-0804/packages/app/src/Cache.ts:73:24)
    at FootprintApiMiddleware (/Users/jianghaihui/Desktop/work/carbon/carbon-0804/packages/api/src/api.ts:61:31) 
2023-08-05T11:16:24.125Z [api] error: Unable to process footprint request.EstimationRequestValidationError: Start date must be provided, End date must be provided
    at validateDatesPresent (/Users/jianghaihui/Desktop/work/carbon/carbon-0804/packages/app/src/CreateValidRequest.ts:196:11)
    at createValidFootprintRequest (/Users/jianghaihui/Desktop/work/carbon/carbon-0804/packages/app/src/CreateValidRequest.ts:263:3)
    at FootprintApiMiddleware (/Users/jianghaihui/Desktop/work/carbon/carbon-0804/packages/api/src/api.ts:60:58)
    at Layer.handle [as handle_request] (/Users/jianghaihui/Desktop/work/carbon/carbon-0804/node_modules/express/lib/router/layer.js:95:5)
    at next (/Users/jianghaihui/Desktop/work/carbon/carbon-0804/node_modules/express/lib/router/route.js:144:13)
    at Route.dispatch (/Users/jianghaihui/Desktop/work/carbon/carbon-0804/node_modules/express/lib/router/route.js:114:3)
    at Layer.handle [as handle_request] (/Users/jianghaihui/Desktop/work/carbon/carbon-0804/node_modules/express/lib/router/layer.js:95:5)
    at /Users/jianghaihui/Desktop/work/carbon/carbon-0804/node_modules/express/lib/router/index.js:284:15
    at Function.process_params (/Users/jianghaihui/Desktop/work/carbon/carbon-0804/node_modules/express/lib/router/index.js:346:12)
    at next (/Users/jianghaihui/Desktop/work/carbon/carbon-0804/node_modules/express/lib/router/index.js:280:10)
    at Function.handle (/Users/jianghaihui/Desktop/work/carbon/carbon-0804/node_modules/express/lib/router/index.js:175:3)
    at router (/Users/jianghaihui/Desktop/work/carbon/carbon-0804/node_modules/express/lib/router/index.js:47:12)
    at Layer.handle [as handle_request] (/Users/jianghaihui/Desktop/work/carbon/carbon-0804/node_modules/express/lib/router/layer.js:95:5)
    at trim_prefix (/Users/jianghaihui/Desktop/work/carbon/carbon-0804/node_modules/express/lib/router/index.js:328:13)
    at /Users/jianghaihui/Desktop/work/carbon/carbon-0804/node_modules/express/lib/router/index.js:286:9
    at Function.process_params (/Users/jianghaihui/Desktop/work/carbon/carbon-0804/node_modules/express/lib/router/index.js:346:12) 
2023-08-05T11:21:31.623Z [api] error: Unable to process footprint request.EstimationRequestValidationError: Start date is in the future, End date is in the future
    at validate (/Users/jianghaihui/Desktop/work/carbon/carbon-0804/packages/app/src/CreateValidRequest.ts:178:11)
    at createValidFootprintRequest (/Users/jianghaihui/Desktop/work/carbon/carbon-0804/packages/app/src/CreateValidRequest.ts:280:3)
    at FootprintApiMiddleware (/Users/jianghaihui/Desktop/work/carbon/carbon-0804/packages/api/src/api.ts:60:58)
    at Layer.handle [as handle_request] (/Users/jianghaihui/Desktop/work/carbon/carbon-0804/node_modules/express/lib/router/layer.js:95:5)
    at next (/Users/jianghaihui/Desktop/work/carbon/carbon-0804/node_modules/express/lib/router/route.js:144:13)
    at Route.dispatch (/Users/jianghaihui/Desktop/work/carbon/carbon-0804/node_modules/express/lib/router/route.js:114:3)
    at Layer.handle [as handle_request] (/Users/jianghaihui/Desktop/work/carbon/carbon-0804/node_modules/express/lib/router/layer.js:95:5)
    at /Users/jianghaihui/Desktop/work/carbon/carbon-0804/node_modules/express/lib/router/index.js:284:15
    at Function.process_params (/Users/jianghaihui/Desktop/work/carbon/carbon-0804/node_modules/express/lib/router/index.js:346:12)
    at next (/Users/jianghaihui/Desktop/work/carbon/carbon-0804/node_modules/express/lib/router/index.js:280:10)
    at Function.handle (/Users/jianghaihui/Desktop/work/carbon/carbon-0804/node_modules/express/lib/router/index.js:175:3)
    at router (/Users/jianghaihui/Desktop/work/carbon/carbon-0804/node_modules/express/lib/router/index.js:47:12)
    at Layer.handle [as handle_request] (/Users/jianghaihui/Desktop/work/carbon/carbon-0804/node_modules/express/lib/router/layer.js:95:5)
    at trim_prefix (/Users/jianghaihui/Desktop/work/carbon/carbon-0804/node_modules/express/lib/router/index.js:328:13)
    at /Users/jianghaihui/Desktop/work/carbon/carbon-0804/node_modules/express/lib/router/index.js:286:9
    at Function.process_params (/Users/jianghaihui/Desktop/work/carbon/carbon-0804/node_modules/express/lib/router/index.js:346:12) 
2023-08-05T11:21:54.011Z [api] error: Unable to process footprint request.EstimationRequestValidationError: Start date is in the future, End date is in the future
    at validate (/Users/jianghaihui/Desktop/work/carbon/carbon-0804/packages/app/src/CreateValidRequest.ts:178:11)
    at createValidFootprintRequest (/Users/jianghaihui/Desktop/work/carbon/carbon-0804/packages/app/src/CreateValidRequest.ts:280:3)
    at FootprintApiMiddleware (/Users/jianghaihui/Desktop/work/carbon/carbon-0804/packages/api/src/api.ts:60:58)
    at Layer.handle [as handle_request] (/Users/jianghaihui/Desktop/work/carbon/carbon-0804/node_modules/express/lib/router/layer.js:95:5)
    at next (/Users/jianghaihui/Desktop/work/carbon/carbon-0804/node_modules/express/lib/router/route.js:144:13)
    at Route.dispatch (/Users/jianghaihui/Desktop/work/carbon/carbon-0804/node_modules/express/lib/router/route.js:114:3)
    at Layer.handle [as handle_request] (/Users/jianghaihui/Desktop/work/carbon/carbon-0804/node_modules/express/lib/router/layer.js:95:5)
    at /Users/jianghaihui/Desktop/work/carbon/carbon-0804/node_modules/express/lib/router/index.js:284:15
    at Function.process_params (/Users/jianghaihui/Desktop/work/carbon/carbon-0804/node_modules/express/lib/router/index.js:346:12)
    at next (/Users/jianghaihui/Desktop/work/carbon/carbon-0804/node_modules/express/lib/router/index.js:280:10)
    at Function.handle (/Users/jianghaihui/Desktop/work/carbon/carbon-0804/node_modules/express/lib/router/index.js:175:3)
    at router (/Users/jianghaihui/Desktop/work/carbon/carbon-0804/node_modules/express/lib/router/index.js:47:12)
    at Layer.handle [as handle_request] (/Users/jianghaihui/Desktop/work/carbon/carbon-0804/node_modules/express/lib/router/layer.js:95:5)
    at trim_prefix (/Users/jianghaihui/Desktop/work/carbon/carbon-0804/node_modules/express/lib/router/index.js:328:13)
    at /Users/jianghaihui/Desktop/work/carbon/carbon-0804/node_modules/express/lib/router/index.js:286:9
    at Function.process_params (/Users/jianghaihui/Desktop/work/carbon/carbon-0804/node_modules/express/lib/router/index.js:346:12) 
2023-08-14T03:46:56.443Z [api] error: Unable to process footprint request.EstimationRequestValidationError: End date must be provided
    at validateDatesPresent (/Users/jianghaihui/Desktop/work/carbon/carbon-0804/packages/app/src/CreateValidRequest.ts:196:11)
    at createValidFootprintRequest (/Users/jianghaihui/Desktop/work/carbon/carbon-0804/packages/app/src/CreateValidRequest.ts:263:3)
    at FootprintApiMiddleware (/Users/jianghaihui/Desktop/work/carbon/carbon-0804/packages/api/src/api.ts:60:58)
    at Layer.handle [as handle_request] (/Users/jianghaihui/Desktop/work/carbon/carbon-0804/node_modules/express/lib/router/layer.js:95:5)
    at next (/Users/jianghaihui/Desktop/work/carbon/carbon-0804/node_modules/express/lib/router/route.js:144:13)
    at Route.dispatch (/Users/jianghaihui/Desktop/work/carbon/carbon-0804/node_modules/express/lib/router/route.js:114:3)
    at Layer.handle [as handle_request] (/Users/jianghaihui/Desktop/work/carbon/carbon-0804/node_modules/express/lib/router/layer.js:95:5)
    at /Users/jianghaihui/Desktop/work/carbon/carbon-0804/node_modules/express/lib/router/index.js:284:15
    at Function.process_params (/Users/jianghaihui/Desktop/work/carbon/carbon-0804/node_modules/express/lib/router/index.js:346:12)
    at next (/Users/jianghaihui/Desktop/work/carbon/carbon-0804/node_modules/express/lib/router/index.js:280:10)
    at Function.handle (/Users/jianghaihui/Desktop/work/carbon/carbon-0804/node_modules/express/lib/router/index.js:175:3)
    at router (/Users/jianghaihui/Desktop/work/carbon/carbon-0804/node_modules/express/lib/router/index.js:47:12)
    at Layer.handle [as handle_request] (/Users/jianghaihui/Desktop/work/carbon/carbon-0804/node_modules/express/lib/router/layer.js:95:5)
    at trim_prefix (/Users/jianghaihui/Desktop/work/carbon/carbon-0804/node_modules/express/lib/router/index.js:328:13)
    at /Users/jianghaihui/Desktop/work/carbon/carbon-0804/node_modules/express/lib/router/index.js:286:9
    at Function.process_params (/Users/jianghaihui/Desktop/work/carbon/carbon-0804/node_modules/express/lib/router/index.js:346:12) 
